24-07 00:01:22.249 - global_logger - INFO - [{786.0}, set()]
24-07 00:01:22.249 - global_logger - INFO - [set(), set()]
24-07 00:01:22.249 - global_logger - INFO - [set(), set()]
24-07 00:01:22.249 - global_logger - INFO - [set(), set()]
24-07 00:01:22.721 - global_logger - INFO - Renamed security.csv to security.csv.temp
24-07 00:01:27.202 - global_logger - INFO - Downloaded new file to security.csv
24-07 00:01:27.202 - global_logger - INFO - Deleted temporary file security.csv.temp
24-07 00:01:28.640 - global_logger - INFO - [{786.0}, set()]
24-07 00:01:28.640 - global_logger - INFO - [set(), set()]
24-07 00:01:28.640 - global_logger - INFO - [set(), set()]
24-07 00:01:28.640 - global_logger - INFO - [set(), set()]
24-07 00:01:30.370 - global_logger - INFO - Connected to websocket
24-07 00:01:30.384 - global_logger - INFO - Connected to websocket
24-07 00:30:41.077 - global_logger - INFO - [{786.0}, set()]
24-07 00:30:41.077 - global_logger - INFO - [set(), set()]
24-07 00:30:41.077 - global_logger - INFO - [set(), set()]
24-07 00:30:41.077 - global_logger - INFO - [set(), set()]
24-07 00:30:41.380 - global_logger - INFO - File security.csv was already downloaded today. No action taken.
24-07 00:30:42.587 - global_logger - INFO - [{786.0}, set()]
24-07 00:30:42.587 - global_logger - INFO - [set(), set()]
24-07 00:30:42.587 - global_logger - INFO - [set(), set()]
24-07 00:30:42.587 - global_logger - INFO - [set(), set()]
24-07 00:30:44.035 - global_logger - INFO - Connected to websocket
24-07 00:30:44.037 - global_logger - INFO - Connected to websocket
